<?xml version="1.0" encoding="UTF-8"?>
<!-- Generated by org.testng.reporters.JUnitReportReporter -->
<testsuite hostname="Kunals-MacBook-Pro.local" failures="0" tests="1" name="automation.bootcamp.nop.tests.LoginPageTest" time="13.517" errors="0" timestamp="2021-02-14T13:07:55 IST" skipped="0">
  <testcase classname="automation.bootcamp.nop.tests.LoginPageTest" name="verifyLoginErrors" time="13.517"/>
  <system-out/>
</testsuite> <!-- automation.bootcamp.nop.tests.LoginPageTest -->
