<?xml version="1.0" encoding="UTF-8"?>
<!-- Generated by org.testng.reporters.JUnitReportReporter -->
<testsuite hostname="Kunals-MacBook-Pro.local" failures="0" tests="2" name="automation.bootcamp.nop.tests.LoginPageTest" time="7.997" errors="1" timestamp="2021-02-13T13:52:23 IST" skipped="0">
  <testcase classname="automation.bootcamp.nop.tests.LoginPageTest" name="verifyLoginErrors" time="4.032"/>
  <system-out/>
  <testcase classname="automation.bootcamp.nop.tests.LoginPageTest" name="performLogin" time="3.965">
    <error message="Unresolved compilation problem: 
	Cannot make a static reference to the non-static method getProperty(String) from the type PropertyReader
" type="java.lang.Error">
      <![CDATA[java.lang.Error: Unresolved compilation problem: 
Cannot make a static reference to the non-static method getProperty(String) from the type PropertyReader

at automation.bootcamp.nop.pages.LoginPage.<init>(LoginPage.java:11)
at automation.bootcamp.nop.tests.LoginPageTest.performLogin(LoginPageTest.java:26)
at java.base/jdk.internal.reflect.NativeMethodAccessorImpl.invoke0(Native Method)
at java.base/jdk.internal.reflect.NativeMethodAccessorImpl.invoke(NativeMethodAccessorImpl.java:64)
at java.base/jdk.internal.reflect.DelegatingMethodAccessorImpl.invoke(DelegatingMethodAccessorImpl.java:43)
at java.base/java.lang.reflect.Method.invoke(Method.java:564)
at org.testng.internal.MethodInvocationHelper.invokeMethod(MethodInvocationHelper.java:134)
at org.testng.internal.TestInvoker.invokeMethod(TestInvoker.java:597)
at org.testng.internal.TestInvoker.invokeTestMethod(TestInvoker.java:173)
at org.testng.internal.MethodRunner.runInSequence(MethodRunner.java:46)
at org.testng.internal.TestInvoker$MethodInvocationAgent.invoke(TestInvoker.java:816)
at org.testng.internal.TestInvoker.invokeTestMethods(TestInvoker.java:146)
at org.testng.internal.TestMethodWorker.invokeTestMethods(TestMethodWorker.java:146)
at org.testng.internal.TestMethodWorker.run(TestMethodWorker.java:128)
at java.base/java.util.concurrent.ThreadPoolExecutor.runWorker(ThreadPoolExecutor.java:1130)
at java.base/java.util.concurrent.ThreadPoolExecutor$Worker.run(ThreadPoolExecutor.java:630)
at java.base/java.lang.Thread.run(Thread.java:832)
]]>
    </error>
  </testcase> <!-- performLogin -->
  <system-out/>
</testsuite> <!-- automation.bootcamp.nop.tests.LoginPageTest -->
