<?xml version="1.0" encoding="UTF-8"?>
<!-- Generated by org.testng.reporters.JUnitReportReporter -->
<testsuite hostname="Kunals-MacBook-Pro.local" failures="0" tests="5" name="bootcamp.test.TestGroup" time="0.009" errors="0" timestamp="2021-02-04T22:42:38 IST" skipped="0">
  <testcase classname="bootcamp.test.TestGroup" name="d" time="0.001"/>
  <system-out/>
  <testcase classname="bootcamp.test.TestGroup" name="b" time="0.001"/>
  <system-out/>
  <testcase classname="bootcamp.test.TestGroup" name="c" time="0.001"/>
  <system-out/>
  <testcase classname="bootcamp.test.TestGroup" name="a" time="0.005"/>
  <system-out/>
  <testcase classname="bootcamp.test.TestGroup" name="f" time="0.001"/>
  <system-out/>
</testsuite> <!-- bootcamp.test.TestGroup -->
