<?xml version="1.0" encoding="UTF-8"?>
<!-- Generated by org.testng.reporters.JUnitReportReporter -->
<testsuite hostname="Kunals-MacBook-Pro.local" failures="0" tests="1" name="bootcamp.testng.DependsOnGroup" time="0.002" errors="0" timestamp="2021-01-31T14:16:25 IST" skipped="0">
  <testcase classname="bootcamp.testng.DependsOnGroup" name="orderCreation" time="0.002"/>
  <system-out/>
</testsuite> <!-- bootcamp.testng.DependsOnGroup -->
