<?xml version="1.0" encoding="UTF-8"?>
<!-- Generated by org.testng.reporters.JUnitReportReporter -->
<testsuite hostname="Kunals-MacBook-Pro.local" failures="0" tests="2" name="bootcamp.test.TestPriority" time="0.007" errors="0" timestamp="2021-02-03T21:03:19 IST" skipped="0">
  <testcase classname="bootcamp.test.TestPriority" name="c3" time="0.006"/>
  <system-out/>
  <testcase classname="bootcamp.test.TestPriority" name="c1" time="0.001"/>
  <system-out/>
</testsuite> <!-- bootcamp.test.TestPriority -->
