<?xml version="1.0" encoding="UTF-8"?>
<!-- Generated by org.testng.reporters.JUnitReportReporter -->
<testsuite hostname="Kunals-MacBook-Pro.local" failures="0" tests="2" name="bootcamp.test.ParallelTest" time="5.018" errors="0" timestamp="2021-02-04T22:49:52 IST" skipped="0">
  <testcase classname="bootcamp.test.ParallelTest" name="b" time="3.010"/>
  <system-out/>
  <testcase classname="bootcamp.test.ParallelTest" name="a" time="2.008"/>
  <system-out/>
</testsuite> <!-- bootcamp.test.ParallelTest -->
