<?xml version="1.0" encoding="UTF-8"?>
<!-- Generated by org.testng.reporters.JUnitReportReporter -->
<testsuite hostname="Kunals-MacBook-Pro.local" failures="0" tests="2" name="bootcamp.testng.ParallelTest" time="0.024" errors="0" timestamp="2021-02-06T12:32:38 IST" skipped="0">
  <testcase classname="bootcamp.testng.ParallelTest" name="test1" time="0.012"/>
  <system-out/>
  <testcase classname="bootcamp.testng.ParallelTest" name="test2" time="0.012"/>
  <system-out/>
</testsuite> <!-- bootcamp.testng.ParallelTest -->
