<?xml version="1.0" encoding="UTF-8"?>
<!-- Generated by org.testng.reporters.JUnitReportReporter -->
<testsuite hostname="Kunals-MacBook-Pro.local" failures="0" tests="2" name="bootcamp.testng.DepandsOn" time="0.002" errors="0" timestamp="2021-02-06T22:28:14 IST" skipped="0">
  <testcase classname="bootcamp.testng.DepandsOn" name="login" time="0.001"/>
  <system-out/>
  <testcase classname="bootcamp.testng.DepandsOn" name="verifyHomePage" time="0.001"/>
  <system-out/>
</testsuite> <!-- bootcamp.testng.DepandsOn -->
