<?xml version="1.0" encoding="UTF-8"?>
<!-- Generated by org.testng.reporters.JUnitReportReporter -->
<testsuite hostname="Kunals-MacBook-Pro.local" failures="0" tests="5" name="bootcamp.test.Parameters" time="0.009" errors="0" timestamp="2021-01-30T21:40:47 IST" skipped="1">
  <testcase classname="bootcamp.test.Parameters" name="a" time="0.006"/>
  <system-out/>
  <testcase classname="bootcamp.test.Parameters" name="c3" time="0.001"/>
  <system-out/>
  <testcase classname="bootcamp.test.Parameters" name="c1" time="0.001"/>
  <system-out/>
  <testcase classname="bootcamp.test.Parameters" name="c2" time="0.001"/>
  <system-out/>
  <testcase classname="bootcamp.test.Parameters" name="b">
    <skipped/>
  </testcase> <!-- b -->
  <system-out/>
</testsuite> <!-- bootcamp.test.Parameters -->
