<?xml version="1.0" encoding="UTF-8"?>
<!-- Generated by org.testng.reporters.JUnitReportReporter -->
<testsuite hostname="Kunals-MacBook-Pro.local" failures="0" tests="2" name="bootcamp.test.AnnotationSequence" time="0.006" errors="0" timestamp="2021-02-07T08:42:21 IST" skipped="0">
  <testcase classname="bootcamp.test.AnnotationSequence" name="test1" time="0.005"/>
  <system-out/>
  <testcase classname="bootcamp.test.AnnotationSequence" name="test2" time="0.001"/>
  <system-out/>
</testsuite> <!-- bootcamp.test.AnnotationSequence -->
