<?xml version="1.0" encoding="UTF-8"?>
<!-- Generated by org.testng.reporters.JUnitReportReporter -->
<testsuite hostname="Kunals-MacBook-Pro.local" failures="0" tests="4" name="bootcamp.testng.BasicTest_Issue" time="0.015" errors="0" timestamp="2021-02-06T10:57:41 IST" skipped="0">
  <testcase classname="bootcamp.testng.BasicTest_Issue" name="a" time="0.002"/>
  <system-out/>
  <testcase classname="bootcamp.testng.BasicTest_Issue" name="a" time="0.007"/>
  <system-out/>
  <testcase classname="bootcamp.testng.BasicTest_Issue" name="b" time="0.004"/>
  <system-out/>
  <testcase classname="bootcamp.testng.BasicTest_Issue" name="c" time="0.002"/>
  <system-out/>
</testsuite> <!-- bootcamp.testng.BasicTest_Issue -->
