<?xml version="1.0" encoding="UTF-8"?>
<!-- Generated by org.testng.reporters.JUnitReportReporter -->
<testsuite hostname="Kunals-MacBook-Pro.local" failures="0" tests="5" name="bootcamp.testng.DataProviderTest" time="0.015" errors="0" timestamp="2021-02-14T10:28:51 IST" skipped="0">
  <testcase classname="bootcamp.testng.DataProviderTest" name="reemDataTest" time="0.001"/>
  <system-out/>
  <testcase classname="bootcamp.testng.DataProviderTest" name="reemDataTest" time="0.001"/>
  <system-out/>
  <testcase classname="bootcamp.testng.DataProviderTest" name="reemDataTest" time="0.012"/>
  <system-out/>
  <testcase classname="bootcamp.testng.DataProviderTest" name="reemDataTest" time="0.001"/>
  <system-out/>
  <testcase classname="bootcamp.testng.DataProviderTest" name="reemDataTest" time="0.000"/>
  <system-out/>
</testsuite> <!-- bootcamp.testng.DataProviderTest -->
