<?xml version="1.0" encoding="UTF-8"?>
<!-- Generated by org.testng.reporters.JUnitReportReporter -->
<testsuite hostname="Kunals-MacBook-Pro.local" failures="0" tests="2" name="bootcamp.testng.EnabledAttribute" time="0.021" errors="0" timestamp="2021-01-31T12:43:49 IST" skipped="1">
  <testcase classname="bootcamp.testng.EnabledAttribute" name="a" time="0.021"/>
  <system-out/>
  <testcase classname="bootcamp.testng.EnabledAttribute" name="b">
    <skipped/>
  </testcase> <!-- b -->
  <system-out/>
</testsuite> <!-- bootcamp.testng.EnabledAttribute -->
