<?xml version="1.0" encoding="UTF-8"?>
<!-- Generated by org.testng.reporters.JUnitReportReporter -->
<testsuite hostname="Kunals-MacBook-Pro.local" failures="0" tests="2" name="bootcamp.testng.BeforeAndAfterAnnotations" time="0.017" errors="0" timestamp="2021-02-06T10:08:19 IST" skipped="0">
  <testcase classname="bootcamp.testng.BeforeAndAfterAnnotations" name="performLogin" time="0.004"/>
  <system-out/>
  <testcase classname="bootcamp.testng.BeforeAndAfterAnnotations" name="forgotUsername" time="0.013"/>
  <system-out/>
</testsuite> <!-- bootcamp.testng.BeforeAndAfterAnnotations -->
