<?xml version="1.0" encoding="UTF-8"?>
<!-- Generated by org.testng.reporters.JUnitReportReporter -->
<testsuite hostname="Kunals-MacBook-Pro.local" failures="0" tests="3" name="bootcamp.test.InvocationCount" time="0.008" errors="0" timestamp="2021-01-30T21:51:54 IST" skipped="0">
  <testcase classname="bootcamp.test.InvocationCount" name="a" time="0.001"/>
  <system-out/>
  <testcase classname="bootcamp.test.InvocationCount" name="a" time="0.007"/>
  <system-out/>
  <testcase classname="bootcamp.test.InvocationCount" name="a" time="0.000"/>
  <system-out/>
</testsuite> <!-- bootcamp.test.InvocationCount -->
