<?xml version="1.0" encoding="UTF-8"?>
<!-- Generated by org.testng.reporters.JUnitReportReporter -->
<testsuite hostname="Kunals-MacBook-Pro.local" failures="0" tests="1" name="bootcamp.testng.TestDescription" time="0.009" errors="0" timestamp="2021-01-31T12:39:45 IST" skipped="0">
  <testcase classname="bootcamp.testng.TestDescription" name="loginToApplication" time="0.009"/>
  <system-out/>
</testsuite> <!-- bootcamp.testng.TestDescription -->
