<?xml version="1.0" encoding="UTF-8"?>
<!-- Generated by org.testng.reporters.JUnitReportReporter -->
<testsuite hostname="Kunals-MacBook-Pro.local" failures="0" tests="2" name="bootcamp.testng.AppTest" time="0.006" errors="0" timestamp="2021-02-07T08:44:08 IST" skipped="0">
  <testcase classname="bootcamp.testng.AppTest" name="app1Test2" time="0.002"/>
  <system-out/>
  <testcase classname="bootcamp.testng.AppTest" name="app1Test1" time="0.004"/>
  <system-out/>
</testsuite> <!-- bootcamp.testng.AppTest -->
