<?xml version="1.0" encoding="UTF-8"?>
<!-- Generated by org.testng.reporters.JUnitReportReporter -->
<testsuite hostname="Kunals-MacBook-Pro.local" failures="0" tests="5" name="bootcamp.test.DataProvidersTest" time="0.008" errors="0" timestamp="2021-02-04T22:38:02 IST" skipped="0">
  <testcase classname="bootcamp.test.DataProvidersTest" name="printUserDetails" time="0.001"/>
  <system-out/>
  <testcase classname="bootcamp.test.DataProvidersTest" name="printUserDetails" time="0.001"/>
  <system-out/>
  <testcase classname="bootcamp.test.DataProvidersTest" name="printUserDetails" time="0.001"/>
  <system-out/>
  <testcase classname="bootcamp.test.DataProvidersTest" name="printUserDetails" time="0.005"/>
  <system-out/>
  <testcase classname="bootcamp.test.DataProvidersTest" name="printUserDetails" time="0.000"/>
  <system-out/>
</testsuite> <!-- bootcamp.test.DataProvidersTest -->
