<?xml version="1.0" encoding="UTF-8"?>
<!-- Generated by org.testng.reporters.JUnitReportReporter -->
<testsuite hostname="Kunals-MacBook-Pro.local" failures="0" tests="1" name="bootcamp.testng.TestAnnoataions" time="0.011" errors="0" timestamp="2021-02-06T15:46:59 IST" skipped="0">
  <testcase classname="bootcamp.testng.TestAnnoataions" name="a" time="0.011"/>
  <system-out/>
</testsuite> <!-- bootcamp.testng.TestAnnoataions -->
