<?xml version="1.0" encoding="UTF-8"?>
<!-- Generated by org.testng.reporters.JUnitReportReporter -->
<testsuite hostname="Kunals-MacBook-Pro.local" failures="0" tests="1" name="bootcamp.test.TestParameters" time="0.005" errors="0" timestamp="2021-02-03T21:24:14 IST" skipped="0">
  <testcase classname="bootcamp.test.TestParameters" name="sum" time="0.005"/>
  <system-out/>
</testsuite> <!-- bootcamp.test.TestParameters -->
