<?xml version="1.0" encoding="UTF-8"?>
<!-- Generated by org.testng.reporters.JUnitReportReporter -->
<testsuite hostname="Kunals-MacBook-Pro.local" failures="0" tests="1" name="bootcamp.test.BasicTest" time="0.008" errors="0" timestamp="2021-02-06T22:27:23 IST" skipped="0">
  <testcase classname="bootcamp.test.BasicTest" name="a" time="0.008"/>
  <system-out/>
</testsuite> <!-- bootcamp.test.BasicTest -->
