<?xml version="1.0" encoding="UTF-8"?>
<!-- Generated by org.testng.reporters.JUnitReportReporter -->
<testsuite hostname="Kunals-MacBook-Pro.local" failures="0" tests="3" name="bootcamp.testng.ExecutionOrder_Issue" time="0.003" errors="0" timestamp="2021-02-06T10:57:41 IST" skipped="0">
  <testcase classname="bootcamp.testng.ExecutionOrder_Issue" name="c" time="0.001"/>
  <system-out/>
  <testcase classname="bootcamp.testng.ExecutionOrder_Issue" name="a" time="0.001"/>
  <system-out/>
  <testcase classname="bootcamp.testng.ExecutionOrder_Issue" name="b" time="0.001"/>
  <system-out/>
</testsuite> <!-- bootcamp.testng.ExecutionOrder_Issue -->
