<?xml version="1.0" encoding="UTF-8"?>
<!-- Generated by org.testng.reporters.JUnitReportReporter -->
<testsuite hostname="Kunals-MacBook-Pro.local" failures="0" tests="1" name="bootcamp.test.ListenerTest" time="0.005" errors="0" timestamp="2021-02-04T22:57:59 IST" skipped="0">
  <testcase classname="bootcamp.test.ListenerTest" name="test1" time="0.005"/>
  <system-out/>
</testsuite> <!-- bootcamp.test.ListenerTest -->
