<?xml version="1.0" encoding="UTF-8"?>
<!-- Generated by org.testng.reporters.JUnitReportReporter -->
<testsuite hostname="Kunals-MacBook-Pro.local" failures="0" tests="5" name="bootcamp.testng.InvocationCount" time="0.009" errors="0" timestamp="2021-01-31T13:08:32 IST" skipped="0">
  <testcase classname="bootcamp.testng.InvocationCount" name="createData" time="0.006"/>
  <system-out/>
  <testcase classname="bootcamp.testng.InvocationCount" name="createData" time="0.001"/>
  <system-out/>
  <testcase classname="bootcamp.testng.InvocationCount" name="createData" time="0.001"/>
  <system-out/>
  <testcase classname="bootcamp.testng.InvocationCount" name="createData" time="0.001"/>
  <system-out/>
  <testcase classname="bootcamp.testng.InvocationCount" name="createData" time="0.000"/>
  <system-out/>
</testsuite> <!-- bootcamp.testng.InvocationCount -->
