<?xml version="1.0" encoding="UTF-8"?>
<!-- Generated by org.testng.reporters.JUnitReportReporter -->
<testsuite hostname="Kunals-MacBook-Pro.local" failures="0" tests="1" name="bootcamp.testng.PriorityAttribute" time="0.019" errors="0" timestamp="2021-01-31T12:48:12 IST" skipped="0">
  <testcase classname="bootcamp.testng.PriorityAttribute" name="test5" time="0.019"/>
  <system-out/>
</testsuite> <!-- bootcamp.testng.PriorityAttribute -->
