<?xml version="1.0" encoding="UTF-8"?>
<!-- Generated by org.testng.reporters.JUnitReportReporter -->
<testsuite hostname="Kunals-MacBook-Pro.local" failures="0" tests="6" name="bootcamp.test.ExecutionOrder" time="0.001" errors="0" timestamp="2021-02-03T21:03:19 IST" skipped="0">
  <testcase classname="bootcamp.test.ExecutionOrder" name="b" time="0.000"/>
  <system-out/>
  <testcase classname="bootcamp.test.ExecutionOrder" name="a" time="0.000"/>
  <system-out/>
  <testcase classname="bootcamp.test.ExecutionOrder" name="A" time="0.000"/>
  <system-out/>
  <testcase classname="bootcamp.test.ExecutionOrder" name="B" time="0.001"/>
  <system-out/>
  <testcase classname="bootcamp.test.ExecutionOrder" name="C" time="0.000"/>
  <system-out/>
  <testcase classname="bootcamp.test.ExecutionOrder" name="c" time="0.000"/>
  <system-out/>
</testsuite> <!-- bootcamp.test.ExecutionOrder -->
