<?xml version="1.0" encoding="UTF-8"?>
<!-- Generated by org.testng.reporters.JUnitReportReporter -->
<testsuite hostname="Kunals-MacBook-Pro.local" failures="0" tests="1" name="bootcamp.selenium.basic.BasicDriverCommands" time="0.014" errors="0" timestamp="2021-01-31T11:56:47 IST" skipped="0">
  <testcase classname="bootcamp.selenium.basic.BasicDriverCommands" name="a" time="0.014"/>
  <system-out/>
</testsuite> <!-- bootcamp.selenium.basic.BasicDriverCommands -->
